  pch.cpp
  Server.cpp
D:\ĐỒ ÁN SOCKET\Server\Server\Server.cpp(66,33): warning C4566: character represented by universal-character-name '\u0110' cannot be represented in the current code page (1252)
D:\ĐỒ ÁN SOCKET\Server\Server\Server.cpp(66,33): warning C4566: character represented by universal-character-name '\u1ED2' cannot be represented in the current code page (1252)
D:\ĐỒ ÁN SOCKET\Server\Server\Server.cpp(95,3): warning C4566: character represented by universal-character-name '\u0110' cannot be represented in the current code page (1252)
D:\ĐỒ ÁN SOCKET\Server\Server\Server.cpp(95,3): warning C4566: character represented by universal-character-name '\u1ED2' cannot be represented in the current code page (1252)
D:\ĐỒ ÁN SOCKET\Server\Server\Server.cpp(96,3): warning C4566: character represented by universal-character-name '\u0110' cannot be represented in the current code page (1252)
D:\ĐỒ ÁN SOCKET\Server\Server\Server.cpp(96,3): warning C4566: character represented by universal-character-name '\u1ED2' cannot be represented in the current code page (1252)
  ServerDlg.cpp
D:\ĐỒ ÁN SOCKET\Server\Server\ServerDlg.cpp(85,2): warning C4566: character represented by universal-character-name '\u0110' cannot be represented in the current code page (1252)
D:\ĐỒ ÁN SOCKET\Server\Server\ServerDlg.cpp(85,2): warning C4566: character represented by universal-character-name '\u1ED2' cannot be represented in the current code page (1252)
D:\ĐỒ ÁN SOCKET\Server\Server\ServerDlg.cpp(86,2): warning C4566: character represented by universal-character-name '\u0110' cannot be represented in the current code page (1252)
D:\ĐỒ ÁN SOCKET\Server\Server\ServerDlg.cpp(86,2): warning C4566: character represented by universal-character-name '\u1ED2' cannot be represented in the current code page (1252)
D:\ĐỒ ÁN SOCKET\Server\Server\ServerDlg.cpp(94,3): warning C4566: character represented by universal-character-name '\u0110' cannot be represented in the current code page (1252)
D:\ĐỒ ÁN SOCKET\Server\Server\ServerDlg.cpp(94,3): warning C4566: character represented by universal-character-name '\u1ED2' cannot be represented in the current code page (1252)
  ServerManager.cpp
D:\ĐỒ ÁN SOCKET\Server\Server\ServerManager.cpp(133,27): warning C4267: '=': conversion from 'size_t' to 'int', possible loss of data
D:\ĐỒ ÁN SOCKET\Server\Server\ServerManager.cpp(139,27): warning C4267: '=': conversion from 'size_t' to 'int', possible loss of data
D:\ĐỒ ÁN SOCKET\Server\Server\ServerManager.cpp(145,27): warning C4267: '=': conversion from 'size_t' to 'int', possible loss of data
D:\ĐỒ ÁN SOCKET\Server\Server\ServerManager.cpp(163,27): warning C4267: '=': conversion from 'size_t' to 'int', possible loss of data
D:\ĐỒ ÁN SOCKET\Server\Server\ServerManager.cpp(168,27): warning C4267: '=': conversion from 'size_t' to 'int', possible loss of data
  Generating Code...
  Server.vcxproj -> D:\ĐỒ ÁN SOCKET\Server\x64\Debug\Server.exe
