d:\đồ án socket\server\server\x64\debug\server.pch
d:\đồ án socket\server\server\x64\debug\vc143.pdb
d:\đồ án socket\server\server\x64\debug\vc143.idb
d:\đồ án socket\server\server\x64\debug\pch.obj
d:\đồ án socket\server\server\x64\debug\servermanager.obj
d:\đồ án socket\server\server\x64\debug\serverdlg.obj
d:\đồ án socket\server\server\x64\debug\server.obj
d:\đồ án socket\server\x64\debug\server.exe
d:\đồ án socket\server\server\x64\debug\server.ilk
d:\đồ án socket\server\x64\debug\server.pdb
d:\đồ án socket\server\server\x64\debug\servermanager.obj.enc
d:\đồ án socket\server\server\x64\debug\server.tlog\cl.command.1.tlog
d:\đồ án socket\server\server\x64\debug\server.tlog\cl.read.1.tlog
d:\đồ án socket\server\server\x64\debug\server.tlog\cl.write.1.tlog
d:\đồ án socket\server\server\x64\debug\server.tlog\link.command.1.tlog
d:\đồ án socket\server\server\x64\debug\server.tlog\link.read.1.tlog
d:\đồ án socket\server\server\x64\debug\server.tlog\link.write.1.tlog
d:\đồ án socket\server\server\x64\debug\server.tlog\rc.command.1.tlog
d:\đồ án socket\server\server\x64\debug\server.tlog\rc.read.1.tlog
d:\đồ án socket\server\server\x64\debug\server.tlog\rc.write.1.tlog
