d:\đồ án socket\client\client\x64\release\client.pch
d:\đồ án socket\client\client\x64\release\vc143.pdb
d:\đồ án socket\client\client\x64\release\pch.obj
d:\đồ án socket\client\client\x64\release\client.obj
d:\đồ án socket\client\client\x64\release\login.obj
d:\đồ án socket\client\x64\release\client.exe
d:\đồ án socket\client\client\x64\release\client.ipdb
d:\đồ án socket\client\x64\release\client.pdb
d:\đồ án socket\client\client\x64\release\client.iobj
d:\đồ án socket\client\client\x64\release\client.res
d:\đồ án socket\client\client\x64\release\clientdlg.obj
d:\đồ án socket\client\client\x64\release\clientsocket.obj
d:\đồ án socket\client\client\x64\release\maindialog.obj
d:\đồ án socket\client\client\x64\release\signup.obj
d:\đồ án socket\client\client\x64\release\client.tlog\cl.command.1.tlog
d:\đồ án socket\client\client\x64\release\client.tlog\cl.read.1.tlog
d:\đồ án socket\client\client\x64\release\client.tlog\cl.write.1.tlog
d:\đồ án socket\client\client\x64\release\client.tlog\link.command.1.tlog
d:\đồ án socket\client\client\x64\release\client.tlog\link.read.1.tlog
d:\đồ án socket\client\client\x64\release\client.tlog\link.write.1.tlog
d:\đồ án socket\client\client\x64\release\client.tlog\rc.command.1.tlog
d:\đồ án socket\client\client\x64\release\client.tlog\rc.read.1.tlog
d:\đồ án socket\client\client\x64\release\client.tlog\rc.write.1.tlog
