  pch.cpp
  ChildFrm.cpp
D:\ĐỒ ÁN SOCKET\Client\Client_GUI\ChildFrm.cpp(17,1): warning C4566: character represented by universal-character-name '\u0110' cannot be represented in the current code page (1252)
D:\ĐỒ ÁN SOCKET\Client\Client_GUI\ChildFrm.cpp(17,1): warning C4566: character represented by universal-character-name '\u1ED2' cannot be represented in the current code page (1252)
  ClassView.cpp
D:\ĐỒ ÁN SOCKET\Client\Client_GUI\ClassView.cpp(80,3): warning C4566: character represented by universal-character-name '\u0110' cannot be represented in the current code page (1252)
D:\ĐỒ ÁN SOCKET\Client\Client_GUI\ClassView.cpp(80,3): warning C4566: character represented by universal-character-name '\u1ED2' cannot be represented in the current code page (1252)
D:\ĐỒ ÁN SOCKET\Client\Client_GUI\ClassView.cpp(166,2): warning C4566: character represented by universal-character-name '\u0110' cannot be represented in the current code page (1252)
D:\ĐỒ ÁN SOCKET\Client\Client_GUI\ClassView.cpp(166,2): warning C4566: character represented by universal-character-name '\u1ED2' cannot be represented in the current code page (1252)
D:\ĐỒ ÁN SOCKET\Client\Client_GUI\ClassView.cpp(304,3): warning C4566: character represented by universal-character-name '\u0110' cannot be represented in the current code page (1252)
D:\ĐỒ ÁN SOCKET\Client\Client_GUI\ClassView.cpp(304,3): warning C4566: character represented by universal-character-name '\u1ED2' cannot be represented in the current code page (1252)
D:\ĐỒ ÁN SOCKET\Client\Client_GUI\ClassView.cpp(305,3): warning C4566: character represented by universal-character-name '\u0110' cannot be represented in the current code page (1252)
D:\ĐỒ ÁN SOCKET\Client\Client_GUI\ClassView.cpp(305,3): warning C4566: character represented by universal-character-name '\u1ED2' cannot be represented in the current code page (1252)
  Client_GUI.cpp
D:\ĐỒ ÁN SOCKET\Client\Client_GUI\Client_GUI.cpp(123,17): warning C4566: character represented by universal-character-name '\u0110' cannot be represented in the current code page (1252)
D:\ĐỒ ÁN SOCKET\Client\Client_GUI\Client_GUI.cpp(123,17): warning C4566: character represented by universal-character-name '\u1ED2' cannot be represented in the current code page (1252)
D:\ĐỒ ÁN SOCKET\Client\Client_GUI\Client_GUI.cpp(132,27): warning C4566: character represented by universal-character-name '\u0110' cannot be represented in the current code page (1252)
D:\ĐỒ ÁN SOCKET\Client\Client_GUI\Client_GUI.cpp(132,27): warning C4566: character represented by universal-character-name '\u1ED2' cannot be represented in the current code page (1252)
D:\ĐỒ ÁN SOCKET\Client\Client_GUI\Client_GUI.cpp(215,2): warning C4566: character represented by universal-character-name '\u0110' cannot be represented in the current code page (1252)
D:\ĐỒ ÁN SOCKET\Client\Client_GUI\Client_GUI.cpp(215,2): warning C4566: character represented by universal-character-name '\u1ED2' cannot be represented in the current code page (1252)
D:\ĐỒ ÁN SOCKET\Client\Client_GUI\Client_GUI.cpp(218,2): warning C4566: character represented by universal-character-name '\u0110' cannot be represented in the current code page (1252)
D:\ĐỒ ÁN SOCKET\Client\Client_GUI\Client_GUI.cpp(218,2): warning C4566: character represented by universal-character-name '\u1ED2' cannot be represented in the current code page (1252)
  Client_GUIDoc.cpp
D:\ĐỒ ÁN SOCKET\Client\Client_GUI\Client_GUIDoc.cpp(23,1): warning C4566: character represented by universal-character-name '\u0110' cannot be represented in the current code page (1252)
D:\ĐỒ ÁN SOCKET\Client\Client_GUI\Client_GUIDoc.cpp(23,1): warning C4566: character represented by universal-character-name '\u1ED2' cannot be represented in the current code page (1252)
  Client_GUIView.cpp
D:\ĐỒ ÁN SOCKET\Client\Client_GUI\Client_GUIView.cpp(23,1): warning C4566: character represented by universal-character-name '\u0110' cannot be represented in the current code page (1252)
D:\ĐỒ ÁN SOCKET\Client\Client_GUI\Client_GUIView.cpp(23,1): warning C4566: character represented by universal-character-name '\u1ED2' cannot be represented in the current code page (1252)
D:\ĐỒ ÁN SOCKET\Client\Client_GUI\Client_GUIView.cpp(59,2): warning C4566: character represented by universal-character-name '\u0110' cannot be represented in the current code page (1252)
D:\ĐỒ ÁN SOCKET\Client\Client_GUI\Client_GUIView.cpp(59,2): warning C4566: character represented by universal-character-name '\u1ED2' cannot be represented in the current code page (1252)
D:\ĐỒ ÁN SOCKET\Client\Client_GUI\Client_GUIView.cpp(122,2): warning C4566: character represented by universal-character-name '\u0110' cannot be represented in the current code page (1252)
D:\ĐỒ ÁN SOCKET\Client\Client_GUI\Client_GUIView.cpp(122,2): warning C4566: character represented by universal-character-name '\u1ED2' cannot be represented in the current code page (1252)
  FileView.cpp
D:\ĐỒ ÁN SOCKET\Client\Client_GUI\FileView.cpp(11,25): warning C4566: character represented by universal-character-name '\u0110' cannot be represented in the current code page (1252)
D:\ĐỒ ÁN SOCKET\Client\Client_GUI\FileView.cpp(11,25): warning C4566: character represented by universal-character-name '\u1ED2' cannot be represented in the current code page (1252)
D:\ĐỒ ÁN SOCKET\Client\Client_GUI\FileView.cpp(57,3): warning C4566: character represented by universal-character-name '\u0110' cannot be represented in the current code page (1252)
D:\ĐỒ ÁN SOCKET\Client\Client_GUI\FileView.cpp(57,3): warning C4566: character represented by universal-character-name '\u1ED2' cannot be represented in the current code page (1252)
D:\ĐỒ ÁN SOCKET\Client\Client_GUI\FileView.cpp(239,3): warning C4566: character represented by universal-character-name '\u0110' cannot be represented in the current code page (1252)
D:\ĐỒ ÁN SOCKET\Client\Client_GUI\FileView.cpp(239,3): warning C4566: character represented by universal-character-name '\u1ED2' cannot be represented in the current code page (1252)
  MainFrm.cpp
D:\ĐỒ ÁN SOCKET\Client\Client_GUI\MainFrm.cpp(70,3): warning C4566: character represented by universal-character-name '\u0110' cannot be represented in the current code page (1252)
D:\ĐỒ ÁN SOCKET\Client\Client_GUI\MainFrm.cpp(70,3): warning C4566: character represented by universal-character-name '\u1ED2' cannot be represented in the current code page (1252)
D:\ĐỒ ÁN SOCKET\Client\Client_GUI\MainFrm.cpp(82,3): warning C4566: character represented by universal-character-name '\u0110' cannot be represented in the current code page (1252)
D:\ĐỒ ÁN SOCKET\Client\Client_GUI\MainFrm.cpp(82,3): warning C4566: character represented by universal-character-name '\u1ED2' cannot be represented in the current code page (1252)
D:\ĐỒ ÁN SOCKET\Client\Client_GUI\MainFrm.cpp(88,2): warning C4566: character represented by universal-character-name '\u0110' cannot be represented in the current code page (1252)
D:\ĐỒ ÁN SOCKET\Client\Client_GUI\MainFrm.cpp(88,2): warning C4566: character represented by universal-character-name '\u1ED2' cannot be represented in the current code page (1252)
D:\ĐỒ ÁN SOCKET\Client\Client_GUI\MainFrm.cpp(93,2): warning C4566: character represented by universal-character-name '\u0110' cannot be represented in the current code page (1252)
D:\ĐỒ ÁN SOCKET\Client\Client_GUI\MainFrm.cpp(93,2): warning C4566: character represented by universal-character-name '\u1ED2' cannot be represented in the current code page (1252)
D:\ĐỒ ÁN SOCKET\Client\Client_GUI\MainFrm.cpp(101,3): warning C4566: character represented by universal-character-name '\u0110' cannot be represented in the current code page (1252)
D:\ĐỒ ÁN SOCKET\Client\Client_GUI\MainFrm.cpp(101,3): warning C4566: character represented by universal-character-name '\u1ED2' cannot be represented in the current code page (1252)
D:\ĐỒ ÁN SOCKET\Client\Client_GUI\MainFrm.cpp(125,3): warning C4566: character represented by universal-character-name '\u0110' cannot be represented in the current code page (1252)
D:\ĐỒ ÁN SOCKET\Client\Client_GUI\MainFrm.cpp(125,3): warning C4566: character represented by universal-character-name '\u1ED2' cannot be represented in the current code page (1252)
D:\ĐỒ ÁN SOCKET\Client\Client_GUI\MainFrm.cpp(213,2): warning C4566: character represented by universal-character-name '\u0110' cannot be represented in the current code page (1252)
D:\ĐỒ ÁN SOCKET\Client\Client_GUI\MainFrm.cpp(213,2): warning C4566: character represented by universal-character-name '\u1ED2' cannot be represented in the current code page (1252)
D:\ĐỒ ÁN SOCKET\Client\Client_GUI\MainFrm.cpp(216,3): warning C4566: character represented by universal-character-name '\u0110' cannot be represented in the current code page (1252)
D:\ĐỒ ÁN SOCKET\Client\Client_GUI\MainFrm.cpp(216,3): warning C4566: character represented by universal-character-name '\u1ED2' cannot be represented in the current code page (1252)
D:\ĐỒ ÁN SOCKET\Client\Client_GUI\MainFrm.cpp(223,2): warning C4566: character represented by universal-character-name '\u0110' cannot be represented in the current code page (1252)
D:\ĐỒ ÁN SOCKET\Client\Client_GUI\MainFrm.cpp(223,2): warning C4566: character represented by universal-character-name '\u1ED2' cannot be represented in the current code page (1252)
D:\ĐỒ ÁN SOCKET\Client\Client_GUI\MainFrm.cpp(226,3): warning C4566: character represented by universal-character-name '\u0110' cannot be represented in the current code page (1252)
D:\ĐỒ ÁN SOCKET\Client\Client_GUI\MainFrm.cpp(226,3): warning C4566: character represented by universal-character-name '\u1ED2' cannot be represented in the current code page (1252)
D:\ĐỒ ÁN SOCKET\Client\Client_GUI\MainFrm.cpp(233,2): warning C4566: character represented by universal-character-name '\u0110' cannot be represented in the current code page (1252)
D:\ĐỒ ÁN SOCKET\Client\Client_GUI\MainFrm.cpp(233,2): warning C4566: character represented by universal-character-name '\u1ED2' cannot be represented in the current code page (1252)
D:\ĐỒ ÁN SOCKET\Client\Client_GUI\MainFrm.cpp(236,3): warning C4566: character represented by universal-character-name '\u0110' cannot be represented in the current code page (1252)
D:\ĐỒ ÁN SOCKET\Client\Client_GUI\MainFrm.cpp(236,3): warning C4566: character represented by universal-character-name '\u1ED2' cannot be represented in the current code page (1252)
D:\ĐỒ ÁN SOCKET\Client\Client_GUI\MainFrm.cpp(243,2): warning C4566: character represented by universal-character-name '\u0110' cannot be represented in the current code page (1252)
D:\ĐỒ ÁN SOCKET\Client\Client_GUI\MainFrm.cpp(243,2): warning C4566: character represented by universal-character-name '\u1ED2' cannot be represented in the current code page (1252)
D:\ĐỒ ÁN SOCKET\Client\Client_GUI\MainFrm.cpp(246,3): warning C4566: character represented by universal-character-name '\u0110' cannot be represented in the current code page (1252)
D:\ĐỒ ÁN SOCKET\Client\Client_GUI\MainFrm.cpp(246,3): warning C4566: character represented by universal-character-name '\u1ED2' cannot be represented in the current code page (1252)
D:\ĐỒ ÁN SOCKET\Client\Client_GUI\MainFrm.cpp(295,42): warning C4566: character represented by universal-character-name '\u0110' cannot be represented in the current code page (1252)
D:\ĐỒ ÁN SOCKET\Client\Client_GUI\MainFrm.cpp(295,42): warning C4566: character represented by universal-character-name '\u1ED2' cannot be represented in the current code page (1252)
D:\ĐỒ ÁN SOCKET\Client\Client_GUI\MainFrm.cpp(309,2): warning C4566: character represented by universal-character-name '\u0110' cannot be represented in the current code page (1252)
D:\ĐỒ ÁN SOCKET\Client\Client_GUI\MainFrm.cpp(309,2): warning C4566: character represented by universal-character-name '\u1ED2' cannot be represented in the current code page (1252)
D:\ĐỒ ÁN SOCKET\Client\Client_GUI\MainFrm.cpp(314,2): warning C4566: character represented by universal-character-name '\u0110' cannot be represented in the current code page (1252)
D:\ĐỒ ÁN SOCKET\Client\Client_GUI\MainFrm.cpp(314,2): warning C4566: character represented by universal-character-name '\u1ED2' cannot be represented in the current code page (1252)
D:\ĐỒ ÁN SOCKET\Client\Client_GUI\MainFrm.cpp(411,2): warning C4566: character represented by universal-character-name '\u0110' cannot be represented in the current code page (1252)
D:\ĐỒ ÁN SOCKET\Client\Client_GUI\MainFrm.cpp(411,2): warning C4566: character represented by universal-character-name '\u1ED2' cannot be represented in the current code page (1252)
  OutputWnd.cpp
D:\ĐỒ ÁN SOCKET\Client\Client_GUI\OutputWnd.cpp(12,27): warning C4566: character represented by universal-character-name '\u0110' cannot be represented in the current code page (1252)
D:\ĐỒ ÁN SOCKET\Client\Client_GUI\OutputWnd.cpp(12,27): warning C4566: character represented by universal-character-name '\u1ED2' cannot be represented in the current code page (1252)
D:\ĐỒ ÁN SOCKET\Client\Client_GUI\OutputWnd.cpp(42,3): warning C4566: character represented by universal-character-name '\u0110' cannot be represented in the current code page (1252)
D:\ĐỒ ÁN SOCKET\Client\Client_GUI\OutputWnd.cpp(42,3): warning C4566: character represented by universal-character-name '\u1ED2' cannot be represented in the current code page (1252)
D:\ĐỒ ÁN SOCKET\Client\Client_GUI\OutputWnd.cpp(53,3): warning C4566: character represented by universal-character-name '\u0110' cannot be represented in the current code page (1252)
D:\ĐỒ ÁN SOCKET\Client\Client_GUI\OutputWnd.cpp(53,3): warning C4566: character represented by universal-character-name '\u1ED2' cannot be represented in the current code page (1252)
  PropertiesWnd.cpp
D:\ĐỒ ÁN SOCKET\Client\Client_GUI\PropertiesWnd.cpp(12,25): warning C4566: character represented by universal-character-name '\u0110' cannot be represented in the current code page (1252)
D:\ĐỒ ÁN SOCKET\Client\Client_GUI\PropertiesWnd.cpp(12,25): warning C4566: character represented by universal-character-name '\u1ED2' cannot be represented in the current code page (1252)
D:\ĐỒ ÁN SOCKET\Client\Client_GUI\PropertiesWnd.cpp(76,3): warning C4566: character represented by universal-character-name '\u0110' cannot be represented in the current code page (1252)
D:\ĐỒ ÁN SOCKET\Client\Client_GUI\PropertiesWnd.cpp(76,3): warning C4566: character represented by universal-character-name '\u1ED2' cannot be represented in the current code page (1252)
D:\ĐỒ ÁN SOCKET\Client\Client_GUI\PropertiesWnd.cpp(91,3): warning C4566: character represented by universal-character-name '\u0110' cannot be represented in the current code page (1252)
D:\ĐỒ ÁN SOCKET\Client\Client_GUI\PropertiesWnd.cpp(91,3): warning C4566: character represented by universal-character-name '\u1ED2' cannot be represented in the current code page (1252)
  ViewTree.cpp
D:\ĐỒ ÁN SOCKET\Client\Client_GUI\ViewTree.cpp(9,27): warning C4566: character represented by universal-character-name '\u0110' cannot be represented in the current code page (1252)
D:\ĐỒ ÁN SOCKET\Client\Client_GUI\ViewTree.cpp(9,27): warning C4566: character represented by universal-character-name '\u1ED2' cannot be represented in the current code page (1252)
  Generating Code...
  Client_GUI.vcxproj -> D:\ĐỒ ÁN SOCKET\Client\x64\Debug\Client_GUI.exe
