  Client.cpp
D:\ĐỒ ÁN SOCKET\Client\Client\Client.cpp(71,33): warning C4566: character represented by universal-character-name '\u0110' cannot be represented in the current code page (1252)
D:\ĐỒ ÁN SOCKET\Client\Client\Client.cpp(71,33): warning C4566: character represented by universal-character-name '\u1ED2' cannot be represented in the current code page (1252)
D:\ĐỒ ÁN SOCKET\Client\Client\Client.cpp(100,3): warning C4566: character represented by universal-character-name '\u0110' cannot be represented in the current code page (1252)
D:\ĐỒ ÁN SOCKET\Client\Client\Client.cpp(100,3): warning C4566: character represented by universal-character-name '\u1ED2' cannot be represented in the current code page (1252)
D:\ĐỒ ÁN SOCKET\Client\Client\Client.cpp(101,3): warning C4566: character represented by universal-character-name '\u0110' cannot be represented in the current code page (1252)
D:\ĐỒ ÁN SOCKET\Client\Client\Client.cpp(101,3): warning C4566: character represented by universal-character-name '\u1ED2' cannot be represented in the current code page (1252)
  ClientDlg.cpp
D:\ĐỒ ÁN SOCKET\Client\Client\ClientDlg.cpp(85,2): warning C4566: character represented by universal-character-name '\u0110' cannot be represented in the current code page (1252)
D:\ĐỒ ÁN SOCKET\Client\Client\ClientDlg.cpp(85,2): warning C4566: character represented by universal-character-name '\u1ED2' cannot be represented in the current code page (1252)
D:\ĐỒ ÁN SOCKET\Client\Client\ClientDlg.cpp(86,2): warning C4566: character represented by universal-character-name '\u0110' cannot be represented in the current code page (1252)
D:\ĐỒ ÁN SOCKET\Client\Client\ClientDlg.cpp(86,2): warning C4566: character represented by universal-character-name '\u1ED2' cannot be represented in the current code page (1252)
D:\ĐỒ ÁN SOCKET\Client\Client\ClientDlg.cpp(94,3): warning C4566: character represented by universal-character-name '\u0110' cannot be represented in the current code page (1252)
D:\ĐỒ ÁN SOCKET\Client\Client\ClientDlg.cpp(94,3): warning C4566: character represented by universal-character-name '\u1ED2' cannot be represented in the current code page (1252)
  MainDialog.cpp
D:\ĐỒ ÁN SOCKET\Client\Client\MainDialog.cpp(52,2): warning C4566: character represented by universal-character-name '\u0110' cannot be represented in the current code page (1252)
D:\ĐỒ ÁN SOCKET\Client\Client\MainDialog.cpp(52,2): warning C4566: character represented by universal-character-name '\u1ED2' cannot be represented in the current code page (1252)
D:\ĐỒ ÁN SOCKET\Client\Client\MainDialog.cpp(53,2): warning C4566: character represented by universal-character-name '\u0110' cannot be represented in the current code page (1252)
D:\ĐỒ ÁN SOCKET\Client\Client\MainDialog.cpp(53,2): warning C4566: character represented by universal-character-name '\u1ED2' cannot be represented in the current code page (1252)
D:\ĐỒ ÁN SOCKET\Client\Client\MainDialog.cpp(61,3): warning C4566: character represented by universal-character-name '\u0110' cannot be represented in the current code page (1252)
D:\ĐỒ ÁN SOCKET\Client\Client\MainDialog.cpp(61,3): warning C4566: character represented by universal-character-name '\u1ED2' cannot be represented in the current code page (1252)
  SignUp.cpp
D:\ĐỒ ÁN SOCKET\Client\Client\SignUp.cpp(54,2): warning C4566: character represented by universal-character-name '\u0110' cannot be represented in the current code page (1252)
D:\ĐỒ ÁN SOCKET\Client\Client\SignUp.cpp(54,2): warning C4566: character represented by universal-character-name '\u1ED2' cannot be represented in the current code page (1252)
D:\ĐỒ ÁN SOCKET\Client\Client\SignUp.cpp(55,2): warning C4566: character represented by universal-character-name '\u0110' cannot be represented in the current code page (1252)
D:\ĐỒ ÁN SOCKET\Client\Client\SignUp.cpp(55,2): warning C4566: character represented by universal-character-name '\u1ED2' cannot be represented in the current code page (1252)
D:\ĐỒ ÁN SOCKET\Client\Client\SignUp.cpp(63,3): warning C4566: character represented by universal-character-name '\u0110' cannot be represented in the current code page (1252)
D:\ĐỒ ÁN SOCKET\Client\Client\SignUp.cpp(63,3): warning C4566: character represented by universal-character-name '\u1ED2' cannot be represented in the current code page (1252)
  Generating Code...
  Client.vcxproj -> D:\ĐỒ ÁN SOCKET\Client\x64\Debug\Client.exe
