d:\đồ án socket\client\client\x64\debug\client.pch
d:\đồ án socket\client\client\x64\debug\vc143.pdb
d:\đồ án socket\client\client\x64\debug\vc143.idb
d:\đồ án socket\client\client\x64\debug\pch.obj
d:\đồ án socket\client\client\x64\debug\signup.obj
d:\đồ án socket\client\client\x64\debug\maindialog.obj
d:\đồ án socket\client\client\x64\debug\login.obj
d:\đồ án socket\client\client\x64\debug\clientsocket.obj
d:\đồ án socket\client\client\x64\debug\clientdlg.obj
d:\đồ án socket\client\client\x64\debug\client.obj
d:\đồ án socket\client\x64\debug\client.exe
d:\đồ án socket\client\client\x64\debug\client.ilk
d:\đồ án socket\client\x64\debug\client.pdb
d:\đồ án socket\client\client\x64\debug\client.res
d:\đồ án socket\client\client\x64\debug\client.tlog\cl.command.1.tlog
d:\đồ án socket\client\client\x64\debug\client.tlog\cl.read.1.tlog
d:\đồ án socket\client\client\x64\debug\client.tlog\cl.write.1.tlog
d:\đồ án socket\client\client\x64\debug\client.tlog\link.command.1.tlog
d:\đồ án socket\client\client\x64\debug\client.tlog\link.read.1.tlog
d:\đồ án socket\client\client\x64\debug\client.tlog\link.write.1.tlog
d:\đồ án socket\client\client\x64\debug\client.tlog\rc.command.1.tlog
d:\đồ án socket\client\client\x64\debug\client.tlog\rc.read.1.tlog
d:\đồ án socket\client\client\x64\debug\client.tlog\rc.write.1.tlog
