d:\đồ án socket\server\server\debug\server.pch
d:\đồ án socket\server\server\debug\vc143.pdb
d:\đồ án socket\server\server\debug\vc143.idb
d:\đồ án socket\server\server\debug\pch.obj
d:\đồ án socket\server\server\debug\servermanager.obj
d:\đồ án socket\server\server\debug\server.obj
d:\đồ án socket\server\server\debug\serverdlg.obj
d:\đồ án socket\server\server\debug\server.res
d:\đồ án socket\server\debug\server.pdb
d:\đồ án socket\server\server\debug\server.tlog\cl.command.1.tlog
d:\đồ án socket\server\server\debug\server.tlog\cl.read.1.tlog
d:\đồ án socket\server\server\debug\server.tlog\cl.write.1.tlog
d:\đồ án socket\server\server\debug\server.tlog\link-cvtres.read.1.tlog
d:\đồ án socket\server\server\debug\server.tlog\link-cvtres.write.1.tlog
d:\đồ án socket\server\server\debug\server.tlog\link-mt.read.1.tlog
d:\đồ án socket\server\server\debug\server.tlog\link-mt.write.1.tlog
d:\đồ án socket\server\server\debug\server.tlog\link-rc.read.1.tlog
d:\đồ án socket\server\server\debug\server.tlog\link-rc.write.1.tlog
d:\đồ án socket\server\server\debug\server.tlog\link.command.1.tlog
d:\đồ án socket\server\server\debug\server.tlog\link.read.1.tlog
d:\đồ án socket\server\server\debug\server.tlog\link.write.1.tlog
d:\đồ án socket\server\server\debug\server.tlog\rc.command.1.tlog
d:\đồ án socket\server\server\debug\server.tlog\rc.read.1.tlog
d:\đồ án socket\server\server\debug\server.tlog\rc.write.1.tlog
